管理员-张三-登录成功！
管理员-张三-登录成功！管理员-张三-登录成功！
管理员-张三-登录成功！
管理员-张三-登录成功！
管理员-张三-登录成功！
管理员-张三-登录成功！
管理员-张三-登录成功！
管理员-张三-登录成功！
管理员-张三-登录成功！
管理员-张三-登录成功！
管理员-张三-登录成功！
管理员-张三-登录成功！
管理员-张三-登录成功！
管理员-张三-登录成功！
管理员-张三-登录成功！
管理员-张三-登录成功！
管理员-张三-登录成功！
管理员-张三-登录成功！
管理员-张三-登录成功！
管理员-张三-登录成功！
管理员-张三-登录成功！
请选择角色-1000登录失败！
管理员-张三-登录成功！
请选择角色-1000登录失败！
管理员-张三-登录成功！
管理员-张三-登录成功！
管理员-张三-登录成功！
管理员-张三-登录成功！
请选择角色-1000登录失败！
管理员-张三-登录成功！
管理员-张三-登录成功！
管理员-张三-登录成功！
管理员-张三-登录成功！
管理员-张三-登录成功！
管理员-张三-登录成功！
管理员-张三-登录成功！
管理员-张三-登录成功！
管理员-张三-登录成功！
教师-李四-登录成功！
教师-李四-登录成功！
管理员-张三-登录成功！
管理员-张三-登录成功！
管理员-张三-登录成功！
管理员-张三-登录成功！
管理员-张三-登录成功！
管理员-张三-登录成功！
管理员-张三-登录成功！
管理员-张三-登录成功！
管理员-张三-登录成功！
管理员-张三-登录成功！
管理员-张三-登录成功！
管理员-张三-登录成功！
管理员-张三-登录成功！
管理员-张三-登录成功！
管理员-张三-登录成功！
管理员-张三-登录成功！
管理员-张三-登录成功！
管理员-张三-登录成功！
管理员-张三-登录成功！
管理员-张三-登录成功！
管理员-张三-登录成功！
管理员-张三-登录成功！
管理员-张三-登录成功！
请选择角色-1000登录失败！
管理员-张三-登录成功！
管理员-张三-登录成功！
请选择角色-1000登录失败！
管理员-张三-登录成功！
管理员-张三-登录成功！
管理员-张三-登录成功！
管理员-张三-登录成功！
管理员-张三-登录成功！
管理员-张三-登录成功！
管理员-张三-登录成功！
管理员-张三-登录成功！
请选择角色-1000登录失败！
管理员-张三-登录成功！
管理员-张三-登录成功！
教师-李四-登录成功！
宿管-1003登录失败！
宿管-1003登录失败！
管理员-张三-登录成功！
宿管-1003登录失败！
宿管-1003登录失败！
宿管-1003登录失败！
宿管-1003登录失败！
宿管-赵六-登录成功！
管理员-张三-登录成功！
管理员-张三-登录成功！
管理员-1000登录失败！
管理员-1000登录失败！
管理员-1000登录失败！
管理员-1000登录失败！
管理员-张三-登录成功！
管理员-张三-登录成功！
管理员-张三-登录成功！
管理员-张三-登录成功！
管理员-1001登录失败！
管理员-张三-登录成功！
管理员-张三-登录成功！
管理员-张三-登录成功！
管理员-张三-登录成功！
管理员-1001登录失败！
管理员-1001登录失败！
管理员-1001登录失败！
管理员-1001登录失败！
管理员-张三-登录成功！
